2022-04-05 23:59:30,727 - basicLogger - INFO - Start Periodic Health Check
2022-04-05 23:59:40,726 - basicLogger - INFO - Start Periodic Health Check
2022-04-06 01:01:30,690 - basicLogger - INFO - Start Periodic Health Check
2022-04-06 01:01:34,415 - basicLogger - INFO - Receiver is running with a status code of 200
2022-04-06 01:01:34,416 - basicLogger - INFO - Storage is running with a status code of 200
2022-04-06 01:01:34,416 - basicLogger - INFO - Processing is running with a status code of 200
2022-04-06 01:01:34,416 - basicLogger - INFO - Audit is running with a status code of 200
2022-04-06 01:01:35,690 - basicLogger - INFO - Start Periodic Health Check
2022-04-06 01:01:36,355 - basicLogger - INFO - Receiver is running with a status code of 200
2022-04-06 01:01:36,355 - basicLogger - INFO - Storage is running with a status code of 200
2022-04-06 01:01:36,355 - basicLogger - INFO - Processing is running with a status code of 200
2022-04-06 01:01:36,356 - basicLogger - INFO - Audit is running with a status code of 200
2022-04-06 01:01:40,690 - basicLogger - INFO - Start Periodic Health Check
2022-04-06 01:01:41,532 - basicLogger - INFO - Receiver is running with a status code of 200
2022-04-06 01:01:41,533 - basicLogger - INFO - Storage is running with a status code of 200
2022-04-06 01:01:41,533 - basicLogger - INFO - Processing is running with a status code of 200
2022-04-06 01:01:41,533 - basicLogger - INFO - Audit is running with a status code of 200
2022-04-06 01:01:45,689 - basicLogger - INFO - Start Periodic Health Check
2022-04-06 01:01:46,357 - basicLogger - INFO - Receiver is running with a status code of 200
2022-04-06 01:01:46,357 - basicLogger - INFO - Storage is running with a status code of 200
2022-04-06 01:01:46,357 - basicLogger - INFO - Processing is running with a status code of 200
2022-04-06 01:01:46,357 - basicLogger - INFO - Audit is running with a status code of 200
2022-04-06 01:01:50,689 - basicLogger - INFO - Start Periodic Health Check
2022-04-06 01:01:51,499 - basicLogger - INFO - Receiver is running with a status code of 200
2022-04-06 01:01:51,499 - basicLogger - INFO - Storage is running with a status code of 200
2022-04-06 01:01:51,499 - basicLogger - INFO - Processing is running with a status code of 200
2022-04-06 01:01:51,499 - basicLogger - INFO - Audit is running with a status code of 200
2022-04-06 01:01:55,690 - basicLogger - INFO - Start Periodic Health Check
2022-04-06 01:01:56,360 - basicLogger - INFO - Receiver is running with a status code of 200
2022-04-06 01:01:56,360 - basicLogger - INFO - Storage is running with a status code of 200
2022-04-06 01:01:56,360 - basicLogger - INFO - Processing is running with a status code of 200
2022-04-06 01:01:56,361 - basicLogger - INFO - Audit is running with a status code of 200
2022-04-06 01:02:00,689 - basicLogger - INFO - Start Periodic Health Check
2022-04-06 01:02:01,529 - basicLogger - INFO - Receiver is running with a status code of 200
2022-04-06 01:02:01,529 - basicLogger - INFO - Storage is running with a status code of 200
2022-04-06 01:02:01,529 - basicLogger - INFO - Processing is running with a status code of 200
2022-04-06 01:02:01,529 - basicLogger - INFO - Audit is running with a status code of 200
2022-04-06 01:02:05,690 - basicLogger - INFO - Start Periodic Health Check
2022-04-06 01:02:06,354 - basicLogger - INFO - Receiver is running with a status code of 200
2022-04-06 01:02:06,355 - basicLogger - INFO - Storage is running with a status code of 200
2022-04-06 01:02:06,355 - basicLogger - INFO - Processing is running with a status code of 200
2022-04-06 01:02:06,355 - basicLogger - INFO - Audit is running with a status code of 200
2022-04-06 01:02:10,689 - basicLogger - INFO - Start Periodic Health Check
2022-04-06 01:02:11,509 - basicLogger - INFO - Receiver is running with a status code of 200
2022-04-06 01:02:11,510 - basicLogger - INFO - Storage is running with a status code of 200
2022-04-06 01:02:11,510 - basicLogger - INFO - Processing is running with a status code of 200
2022-04-06 01:02:11,510 - basicLogger - INFO - Audit is running with a status code of 200
2022-04-06 01:02:15,689 - basicLogger - INFO - Start Periodic Health Check
2022-04-06 01:02:16,368 - basicLogger - INFO - Receiver is running with a status code of 200
2022-04-06 01:02:16,368 - basicLogger - INFO - Storage is running with a status code of 200
2022-04-06 01:02:16,368 - basicLogger - INFO - Processing is running with a status code of 200
2022-04-06 01:02:16,368 - basicLogger - INFO - Audit is running with a status code of 200
2022-04-06 01:02:20,689 - basicLogger - INFO - Start Periodic Health Check
2022-04-06 01:02:21,526 - basicLogger - INFO - Receiver is running with a status code of 200
2022-04-06 01:02:21,527 - basicLogger - INFO - Storage is running with a status code of 200
2022-04-06 01:02:21,527 - basicLogger - INFO - Processing is running with a status code of 200
2022-04-06 01:02:21,527 - basicLogger - INFO - Audit is running with a status code of 200
2022-04-06 01:02:25,689 - basicLogger - INFO - Start Periodic Health Check
2022-04-06 01:02:26,344 - basicLogger - INFO - Receiver is running with a status code of 200
2022-04-06 01:02:26,345 - basicLogger - INFO - Storage is running with a status code of 200
2022-04-06 01:02:26,345 - basicLogger - INFO - Processing is running with a status code of 200
2022-04-06 01:02:26,345 - basicLogger - INFO - Audit is running with a status code of 200
2022-04-06 01:02:30,690 - basicLogger - INFO - Start Periodic Health Check
2022-04-06 01:02:31,539 - basicLogger - INFO - Receiver is running with a status code of 200
2022-04-06 01:02:31,539 - basicLogger - INFO - Storage is running with a status code of 200
2022-04-06 01:02:31,539 - basicLogger - INFO - Processing is running with a status code of 200
2022-04-06 01:02:31,539 - basicLogger - INFO - Audit is running with a status code of 200
2022-04-06 01:02:35,689 - basicLogger - INFO - Start Periodic Health Check
2022-04-06 01:02:36,356 - basicLogger - INFO - Receiver is running with a status code of 200
2022-04-06 01:02:36,357 - basicLogger - INFO - Storage is running with a status code of 200
2022-04-06 01:02:36,357 - basicLogger - INFO - Processing is running with a status code of 200
2022-04-06 01:02:36,357 - basicLogger - INFO - Audit is running with a status code of 200
2022-04-06 01:02:40,689 - basicLogger - INFO - Start Periodic Health Check
2022-04-06 01:02:41,549 - basicLogger - INFO - Receiver is running with a status code of 200
2022-04-06 01:02:41,550 - basicLogger - INFO - Storage is running with a status code of 200
2022-04-06 01:02:41,550 - basicLogger - INFO - Processing is running with a status code of 200
2022-04-06 01:02:41,550 - basicLogger - INFO - Audit is running with a status code of 200
2022-04-06 01:02:45,690 - basicLogger - INFO - Start Periodic Health Check
2022-04-06 01:02:46,341 - basicLogger - INFO - Receiver is running with a status code of 200
2022-04-06 01:02:46,341 - basicLogger - INFO - Storage is running with a status code of 200
2022-04-06 01:02:46,341 - basicLogger - INFO - Processing is running with a status code of 200
2022-04-06 01:02:46,341 - basicLogger - INFO - Audit is running with a status code of 200
2022-04-06 01:02:50,689 - basicLogger - INFO - Start Periodic Health Check
2022-04-06 01:02:51,533 - basicLogger - INFO - Receiver is running with a status code of 200
2022-04-06 01:02:51,534 - basicLogger - INFO - Storage is running with a status code of 200
2022-04-06 01:02:51,534 - basicLogger - INFO - Processing is running with a status code of 200
2022-04-06 01:02:51,534 - basicLogger - INFO - Audit is running with a status code of 200
2022-04-06 01:02:55,688 - basicLogger - INFO - Start Periodic Health Check
2022-04-06 01:02:56,354 - basicLogger - INFO - Receiver is running with a status code of 200
2022-04-06 01:02:56,354 - basicLogger - INFO - Storage is running with a status code of 200
2022-04-06 01:02:56,354 - basicLogger - INFO - Processing is running with a status code of 200
2022-04-06 01:02:56,354 - basicLogger - INFO - Audit is running with a status code of 200
2022-04-06 01:03:00,689 - basicLogger - INFO - Start Periodic Health Check
2022-04-06 01:03:01,522 - basicLogger - INFO - Receiver is running with a status code of 200
2022-04-06 01:03:01,522 - basicLogger - INFO - Storage is running with a status code of 200
2022-04-06 01:03:01,523 - basicLogger - INFO - Processing is running with a status code of 200
2022-04-06 01:03:01,523 - basicLogger - INFO - Audit is running with a status code of 200
2022-04-06 01:03:05,690 - basicLogger - INFO - Start Periodic Health Check
2022-04-06 01:03:06,357 - basicLogger - INFO - Receiver is running with a status code of 200
2022-04-06 01:03:06,357 - basicLogger - INFO - Storage is running with a status code of 200
2022-04-06 01:03:06,358 - basicLogger - INFO - Processing is running with a status code of 200
2022-04-06 01:03:06,358 - basicLogger - INFO - Audit is running with a status code of 200
2022-04-06 01:03:10,691 - basicLogger - INFO - Start Periodic Health Check
2022-04-06 01:03:11,564 - basicLogger - INFO - Receiver is running with a status code of 200
2022-04-06 01:03:11,565 - basicLogger - INFO - Storage is running with a status code of 200
2022-04-06 01:03:11,565 - basicLogger - INFO - Processing is running with a status code of 200
2022-04-06 01:03:11,565 - basicLogger - INFO - Audit is running with a status code of 200
2022-04-06 01:03:15,689 - basicLogger - INFO - Start Periodic Health Check
2022-04-06 01:03:16,348 - basicLogger - INFO - Receiver is running with a status code of 200
2022-04-06 01:03:16,348 - basicLogger - INFO - Storage is running with a status code of 200
2022-04-06 01:03:16,348 - basicLogger - INFO - Processing is running with a status code of 200
2022-04-06 01:03:16,348 - basicLogger - INFO - Audit is running with a status code of 200
2022-04-06 01:03:20,689 - basicLogger - INFO - Start Periodic Health Check
2022-04-06 01:03:21,521 - basicLogger - INFO - Receiver is running with a status code of 200
2022-04-06 01:03:21,521 - basicLogger - INFO - Storage is running with a status code of 200
2022-04-06 01:03:21,521 - basicLogger - INFO - Processing is running with a status code of 200
2022-04-06 01:03:21,522 - basicLogger - INFO - Audit is running with a status code of 200
2022-04-06 01:03:25,689 - basicLogger - INFO - Start Periodic Health Check
2022-04-06 01:03:26,353 - basicLogger - INFO - Receiver is running with a status code of 200
2022-04-06 01:03:26,353 - basicLogger - INFO - Storage is running with a status code of 200
2022-04-06 01:03:26,353 - basicLogger - INFO - Processing is running with a status code of 200
2022-04-06 01:03:26,354 - basicLogger - INFO - Audit is running with a status code of 200
2022-04-06 01:03:30,688 - basicLogger - INFO - Start Periodic Health Check
2022-04-06 01:03:31,508 - basicLogger - INFO - Receiver is running with a status code of 200
2022-04-06 01:03:31,508 - basicLogger - INFO - Storage is running with a status code of 200
2022-04-06 01:03:31,509 - basicLogger - INFO - Processing is running with a status code of 200
2022-04-06 01:03:31,509 - basicLogger - INFO - Audit is running with a status code of 200
2022-04-06 01:03:35,689 - basicLogger - INFO - Start Periodic Health Check
2022-04-06 01:03:36,358 - basicLogger - INFO - Receiver is running with a status code of 200
2022-04-06 01:03:36,358 - basicLogger - INFO - Storage is running with a status code of 200
2022-04-06 01:03:36,358 - basicLogger - INFO - Processing is running with a status code of 200
2022-04-06 01:03:36,358 - basicLogger - INFO - Audit is running with a status code of 200
2022-04-06 01:03:40,689 - basicLogger - INFO - Start Periodic Health Check
2022-04-06 01:03:41,533 - basicLogger - INFO - Receiver is running with a status code of 200
2022-04-06 01:03:41,533 - basicLogger - INFO - Storage is running with a status code of 200
2022-04-06 01:03:41,534 - basicLogger - INFO - Processing is running with a status code of 200
2022-04-06 01:03:41,534 - basicLogger - INFO - Audit is running with a status code of 200
2022-04-06 01:03:45,688 - basicLogger - INFO - Start Periodic Health Check
2022-04-06 01:03:46,334 - basicLogger - INFO - Receiver is running with a status code of 200
2022-04-06 01:03:46,334 - basicLogger - INFO - Storage is running with a status code of 200
2022-04-06 01:03:46,334 - basicLogger - INFO - Processing is running with a status code of 200
2022-04-06 01:03:46,334 - basicLogger - INFO - Audit is running with a status code of 200
2022-04-06 01:03:50,689 - basicLogger - INFO - Start Periodic Health Check
2022-04-06 01:03:51,519 - basicLogger - INFO - Receiver is running with a status code of 200
2022-04-06 01:03:51,519 - basicLogger - INFO - Storage is running with a status code of 200
2022-04-06 01:03:51,519 - basicLogger - INFO - Processing is running with a status code of 200
2022-04-06 01:03:51,519 - basicLogger - INFO - Audit is running with a status code of 200
2022-04-06 01:03:55,690 - basicLogger - INFO - Start Periodic Health Check
2022-04-06 01:03:56,361 - basicLogger - INFO - Receiver is running with a status code of 200
2022-04-06 01:03:56,361 - basicLogger - INFO - Storage is running with a status code of 200
2022-04-06 01:03:56,361 - basicLogger - INFO - Processing is running with a status code of 200
2022-04-06 01:03:56,361 - basicLogger - INFO - Audit is running with a status code of 200
2022-04-06 01:04:00,689 - basicLogger - INFO - Start Periodic Health Check
2022-04-06 01:04:01,511 - basicLogger - INFO - Receiver is running with a status code of 200
2022-04-06 01:04:01,512 - basicLogger - INFO - Storage is running with a status code of 200
2022-04-06 01:04:01,512 - basicLogger - INFO - Processing is running with a status code of 200
2022-04-06 01:04:01,512 - basicLogger - INFO - Audit is running with a status code of 200
2022-04-06 01:04:05,689 - basicLogger - INFO - Start Periodic Health Check
2022-04-06 01:04:06,347 - basicLogger - INFO - Receiver is running with a status code of 200
2022-04-06 01:04:06,348 - basicLogger - INFO - Storage is running with a status code of 200
2022-04-06 01:04:06,348 - basicLogger - INFO - Processing is running with a status code of 200
2022-04-06 01:04:06,348 - basicLogger - INFO - Audit is running with a status code of 200
2022-04-06 01:04:10,689 - basicLogger - INFO - Start Periodic Health Check
2022-04-06 01:04:11,523 - basicLogger - INFO - Receiver is running with a status code of 200
2022-04-06 01:04:11,523 - basicLogger - INFO - Storage is running with a status code of 200
2022-04-06 01:04:11,523 - basicLogger - INFO - Processing is running with a status code of 200
2022-04-06 01:04:11,524 - basicLogger - INFO - Audit is running with a status code of 200
2022-04-06 01:04:15,688 - basicLogger - INFO - Start Periodic Health Check
2022-04-06 01:04:16,345 - basicLogger - INFO - Receiver is running with a status code of 200
2022-04-06 01:04:16,346 - basicLogger - INFO - Storage is running with a status code of 200
2022-04-06 01:04:16,346 - basicLogger - INFO - Processing is running with a status code of 200
2022-04-06 01:04:16,347 - basicLogger - INFO - Audit is running with a status code of 200
2022-04-06 01:04:20,688 - basicLogger - INFO - Start Periodic Health Check
2022-04-06 01:04:21,529 - basicLogger - INFO - Receiver is running with a status code of 200
2022-04-06 01:04:21,530 - basicLogger - INFO - Storage is running with a status code of 200
2022-04-06 01:04:21,530 - basicLogger - INFO - Processing is running with a status code of 200
2022-04-06 01:04:21,530 - basicLogger - INFO - Audit is running with a status code of 200
2022-04-06 01:04:25,689 - basicLogger - INFO - Start Periodic Health Check
2022-04-06 01:04:26,350 - basicLogger - INFO - Receiver is running with a status code of 200
2022-04-06 01:04:26,350 - basicLogger - INFO - Storage is running with a status code of 200
2022-04-06 01:04:26,350 - basicLogger - INFO - Processing is running with a status code of 200
2022-04-06 01:04:26,351 - basicLogger - INFO - Audit is running with a status code of 200
2022-04-06 01:04:30,689 - basicLogger - INFO - Start Periodic Health Check
2022-04-06 01:04:31,508 - basicLogger - INFO - Receiver is running with a status code of 200
2022-04-06 01:04:31,508 - basicLogger - INFO - Storage is running with a status code of 200
2022-04-06 01:04:31,509 - basicLogger - INFO - Processing is running with a status code of 200
2022-04-06 01:04:31,509 - basicLogger - INFO - Audit is running with a status code of 200
2022-04-06 01:04:35,689 - basicLogger - INFO - Start Periodic Health Check
2022-04-06 01:04:36,352 - basicLogger - INFO - Receiver is running with a status code of 200
2022-04-06 01:04:36,353 - basicLogger - INFO - Storage is running with a status code of 200
2022-04-06 01:04:36,353 - basicLogger - INFO - Processing is running with a status code of 200
2022-04-06 01:04:36,353 - basicLogger - INFO - Audit is running with a status code of 200
2022-04-06 01:04:40,690 - basicLogger - INFO - Start Periodic Health Check
2022-04-06 01:04:41,516 - basicLogger - INFO - Receiver is running with a status code of 200
2022-04-06 01:04:41,516 - basicLogger - INFO - Storage is running with a status code of 200
2022-04-06 01:04:41,516 - basicLogger - INFO - Processing is running with a status code of 200
2022-04-06 01:04:41,516 - basicLogger - INFO - Audit is running with a status code of 200
2022-04-06 01:04:45,690 - basicLogger - INFO - Start Periodic Health Check
2022-04-06 01:04:46,362 - basicLogger - INFO - Receiver is running with a status code of 200
2022-04-06 01:04:46,362 - basicLogger - INFO - Storage is running with a status code of 200
2022-04-06 01:04:46,363 - basicLogger - INFO - Processing is running with a status code of 200
2022-04-06 01:04:46,363 - basicLogger - INFO - Audit is running with a status code of 200
2022-04-06 01:04:50,689 - basicLogger - INFO - Start Periodic Health Check
2022-04-06 01:04:51,514 - basicLogger - INFO - Receiver is running with a status code of 200
2022-04-06 01:04:51,514 - basicLogger - INFO - Storage is running with a status code of 200
2022-04-06 01:04:51,514 - basicLogger - INFO - Processing is running with a status code of 200
2022-04-06 01:04:51,515 - basicLogger - INFO - Audit is running with a status code of 200
2022-04-06 01:10:08,294 - basicLogger - INFO - Start Periodic Health Check
2022-04-06 01:10:13,294 - basicLogger - INFO - Start Periodic Health Check
2022-04-06 01:10:18,294 - basicLogger - INFO - Start Periodic Health Check
2022-04-06 01:10:18,401 - basicLogger - INFO - Request has started
2022-04-06 01:10:18,404 - basicLogger - DEBUG - {'receiver': 'Running', 'storage': 'Running', 'processing': 'Running', 'audit': 'Running', 'last_update': '2022-04-06T01:04:51Z'}
2022-04-06 01:10:18,405 - basicLogger - INFO - Request has completed
2022-04-06 01:10:23,293 - basicLogger - INFO - Start Periodic Health Check
2022-04-06 01:10:28,295 - basicLogger - INFO - Start Periodic Health Check
2022-04-06 01:10:33,294 - basicLogger - INFO - Start Periodic Health Check
2022-04-06 01:10:38,294 - basicLogger - INFO - Start Periodic Health Check
2022-04-06 01:10:43,297 - basicLogger - INFO - Start Periodic Health Check
2022-04-06 01:10:48,297 - basicLogger - INFO - Start Periodic Health Check
2022-04-06 01:10:53,295 - basicLogger - INFO - Start Periodic Health Check
2022-04-06 01:10:58,295 - basicLogger - INFO - Start Periodic Health Check
2022-04-06 01:11:03,294 - basicLogger - INFO - Start Periodic Health Check
2022-04-06 01:11:08,294 - basicLogger - INFO - Start Periodic Health Check
2022-04-06 01:11:13,295 - basicLogger - INFO - Start Periodic Health Check
2022-04-06 01:11:18,294 - basicLogger - INFO - Start Periodic Health Check
2022-04-06 01:11:28,294 - basicLogger - INFO - Start Periodic Health Check
2022-04-06 01:11:33,294 - basicLogger - INFO - Start Periodic Health Check
2022-04-06 01:11:38,293 - basicLogger - INFO - Start Periodic Health Check
2022-04-06 01:11:43,293 - basicLogger - INFO - Start Periodic Health Check
2022-04-06 01:11:45,119 - basicLogger - INFO - Receiver is running with a status code of 200
2022-04-06 01:11:45,120 - basicLogger - INFO - Storage is running with a status code of 200
2022-04-06 01:11:45,120 - basicLogger - INFO - Processing is running with a status code of 200
2022-04-06 01:11:45,120 - basicLogger - INFO - Audit is running with a status code of 200
2022-04-06 01:11:48,294 - basicLogger - INFO - Start Periodic Health Check
2022-04-06 01:11:49,134 - basicLogger - INFO - Receiver is running with a status code of 200
2022-04-06 01:11:49,135 - basicLogger - INFO - Storage is running with a status code of 200
2022-04-06 01:11:49,135 - basicLogger - INFO - Processing is running with a status code of 200
2022-04-06 01:11:49,135 - basicLogger - INFO - Audit is running with a status code of 200
2022-04-06 01:11:53,293 - basicLogger - INFO - Start Periodic Health Check
2022-04-06 01:11:53,945 - basicLogger - INFO - Receiver is running with a status code of 200
2022-04-06 01:11:53,945 - basicLogger - INFO - Storage is running with a status code of 200
2022-04-06 01:11:53,946 - basicLogger - INFO - Processing is running with a status code of 200
2022-04-06 01:11:53,946 - basicLogger - INFO - Audit is running with a status code of 200
2022-04-06 01:11:58,293 - basicLogger - INFO - Start Periodic Health Check
2022-04-06 01:11:59,112 - basicLogger - INFO - Receiver is running with a status code of 200
2022-04-06 01:11:59,112 - basicLogger - INFO - Storage is running with a status code of 200
2022-04-06 01:11:59,112 - basicLogger - INFO - Processing is running with a status code of 200
2022-04-06 01:11:59,112 - basicLogger - INFO - Audit is running with a status code of 200
2022-04-06 01:12:03,294 - basicLogger - INFO - Start Periodic Health Check
2022-04-06 01:12:03,962 - basicLogger - INFO - Receiver is running with a status code of 200
2022-04-06 01:12:03,962 - basicLogger - INFO - Storage is running with a status code of 200
2022-04-06 01:12:03,962 - basicLogger - INFO - Processing is running with a status code of 200
2022-04-06 01:12:03,963 - basicLogger - INFO - Audit is running with a status code of 200
2022-04-06 01:12:08,294 - basicLogger - INFO - Start Periodic Health Check
2022-04-06 01:12:09,121 - basicLogger - INFO - Receiver is running with a status code of 200
2022-04-06 01:12:09,121 - basicLogger - INFO - Storage is running with a status code of 200
2022-04-06 01:12:09,121 - basicLogger - INFO - Processing is running with a status code of 200
2022-04-06 01:12:09,122 - basicLogger - INFO - Audit is running with a status code of 200
2022-04-06 01:12:13,293 - basicLogger - INFO - Start Periodic Health Check
2022-04-06 01:12:13,954 - basicLogger - INFO - Receiver is running with a status code of 200
2022-04-06 01:12:13,954 - basicLogger - INFO - Storage is running with a status code of 200
2022-04-06 01:12:13,954 - basicLogger - INFO - Processing is running with a status code of 200
2022-04-06 01:12:13,954 - basicLogger - INFO - Audit is running with a status code of 200
2022-04-06 01:12:18,294 - basicLogger - INFO - Start Periodic Health Check
2022-04-06 01:12:19,128 - basicLogger - INFO - Receiver is running with a status code of 200
2022-04-06 01:12:19,128 - basicLogger - INFO - Storage is running with a status code of 200
2022-04-06 01:12:19,128 - basicLogger - INFO - Processing is running with a status code of 200
2022-04-06 01:12:19,129 - basicLogger - INFO - Audit is running with a status code of 200
2022-04-06 01:12:23,293 - basicLogger - INFO - Start Periodic Health Check
2022-04-06 01:12:23,961 - basicLogger - INFO - Receiver is running with a status code of 200
2022-04-06 01:12:23,961 - basicLogger - INFO - Storage is running with a status code of 200
2022-04-06 01:12:23,961 - basicLogger - INFO - Processing is running with a status code of 200
2022-04-06 01:12:23,962 - basicLogger - INFO - Audit is running with a status code of 200
2022-04-06 01:12:28,293 - basicLogger - INFO - Start Periodic Health Check
2022-04-06 01:12:29,142 - basicLogger - INFO - Receiver is running with a status code of 200
2022-04-06 01:12:29,143 - basicLogger - INFO - Storage is running with a status code of 200
2022-04-06 01:12:29,143 - basicLogger - INFO - Processing is running with a status code of 200
2022-04-06 01:12:29,143 - basicLogger - INFO - Audit is running with a status code of 200
2022-04-06 01:12:33,294 - basicLogger - INFO - Start Periodic Health Check
2022-04-06 01:12:33,963 - basicLogger - INFO - Receiver is running with a status code of 200
2022-04-06 01:12:33,963 - basicLogger - INFO - Storage is running with a status code of 200
2022-04-06 01:12:33,964 - basicLogger - INFO - Processing is running with a status code of 200
2022-04-06 01:12:33,964 - basicLogger - INFO - Audit is running with a status code of 200
2022-04-06 01:12:38,294 - basicLogger - INFO - Start Periodic Health Check
2022-04-06 01:12:39,139 - basicLogger - INFO - Receiver is running with a status code of 200
2022-04-06 01:12:39,139 - basicLogger - INFO - Storage is running with a status code of 200
2022-04-06 01:12:39,140 - basicLogger - INFO - Processing is running with a status code of 200
2022-04-06 01:12:39,140 - basicLogger - INFO - Audit is running with a status code of 200
2022-04-06 01:12:43,294 - basicLogger - INFO - Start Periodic Health Check
2022-04-06 01:12:43,967 - basicLogger - INFO - Receiver is running with a status code of 200
2022-04-06 01:12:43,968 - basicLogger - INFO - Storage is running with a status code of 200
2022-04-06 01:12:43,968 - basicLogger - INFO - Processing is running with a status code of 200
2022-04-06 01:12:43,968 - basicLogger - INFO - Audit is running with a status code of 200
2022-04-06 01:12:48,293 - basicLogger - INFO - Start Periodic Health Check
2022-04-06 01:12:49,132 - basicLogger - INFO - Receiver is running with a status code of 200
2022-04-06 01:12:49,132 - basicLogger - INFO - Storage is running with a status code of 200
2022-04-06 01:12:49,133 - basicLogger - INFO - Processing is running with a status code of 200
2022-04-06 01:12:49,133 - basicLogger - INFO - Audit is running with a status code of 200
2022-04-06 01:12:53,293 - basicLogger - INFO - Start Periodic Health Check
2022-04-06 01:12:53,974 - basicLogger - INFO - Receiver is running with a status code of 200
2022-04-06 01:12:53,974 - basicLogger - INFO - Storage is running with a status code of 200
2022-04-06 01:12:53,975 - basicLogger - INFO - Processing is running with a status code of 200
2022-04-06 01:12:53,975 - basicLogger - INFO - Audit is running with a status code of 200
2022-04-06 01:12:58,293 - basicLogger - INFO - Start Periodic Health Check
2022-04-06 01:12:59,125 - basicLogger - INFO - Receiver is running with a status code of 200
2022-04-06 01:12:59,126 - basicLogger - INFO - Storage is running with a status code of 200
2022-04-06 01:12:59,126 - basicLogger - INFO - Processing is running with a status code of 200
2022-04-06 01:12:59,126 - basicLogger - INFO - Audit is running with a status code of 200
2022-04-06 01:13:03,294 - basicLogger - INFO - Start Periodic Health Check
2022-04-06 01:13:03,966 - basicLogger - INFO - Receiver is running with a status code of 200
2022-04-06 01:13:03,967 - basicLogger - INFO - Storage is running with a status code of 200
2022-04-06 01:13:03,967 - basicLogger - INFO - Processing is running with a status code of 200
2022-04-06 01:13:03,967 - basicLogger - INFO - Audit is running with a status code of 200
2022-04-06 01:13:08,295 - basicLogger - INFO - Start Periodic Health Check
2022-04-06 01:13:09,122 - basicLogger - INFO - Receiver is running with a status code of 200
2022-04-06 01:13:09,123 - basicLogger - INFO - Storage is running with a status code of 200
2022-04-06 01:13:09,123 - basicLogger - INFO - Processing is running with a status code of 200
2022-04-06 01:13:09,123 - basicLogger - INFO - Audit is running with a status code of 200
2022-04-06 01:13:13,294 - basicLogger - INFO - Start Periodic Health Check
2022-04-06 01:13:13,949 - basicLogger - INFO - Receiver is running with a status code of 200
2022-04-06 01:13:13,949 - basicLogger - INFO - Storage is running with a status code of 200
2022-04-06 01:13:13,950 - basicLogger - INFO - Processing is running with a status code of 200
2022-04-06 01:13:13,950 - basicLogger - INFO - Audit is running with a status code of 200
2022-04-06 01:13:18,294 - basicLogger - INFO - Start Periodic Health Check
2022-04-06 01:13:19,127 - basicLogger - INFO - Receiver is running with a status code of 200
2022-04-06 01:13:19,127 - basicLogger - INFO - Storage is running with a status code of 200
2022-04-06 01:13:19,128 - basicLogger - INFO - Processing is running with a status code of 200
2022-04-06 01:13:19,128 - basicLogger - INFO - Audit is running with a status code of 200
2022-04-06 01:13:23,293 - basicLogger - INFO - Start Periodic Health Check
2022-04-06 01:13:23,960 - basicLogger - INFO - Receiver is running with a status code of 200
2022-04-06 01:13:23,960 - basicLogger - INFO - Storage is running with a status code of 200
2022-04-06 01:13:23,960 - basicLogger - INFO - Processing is running with a status code of 200
2022-04-06 01:13:23,960 - basicLogger - INFO - Audit is running with a status code of 200
2022-04-06 01:13:28,294 - basicLogger - INFO - Start Periodic Health Check
2022-04-06 01:13:29,125 - basicLogger - INFO - Receiver is running with a status code of 200
2022-04-06 01:13:29,125 - basicLogger - INFO - Storage is running with a status code of 200
2022-04-06 01:13:29,125 - basicLogger - INFO - Processing is running with a status code of 200
2022-04-06 01:13:29,126 - basicLogger - INFO - Audit is running with a status code of 200
2022-04-06 01:13:33,293 - basicLogger - INFO - Start Periodic Health Check
2022-04-06 01:13:33,966 - basicLogger - INFO - Receiver is running with a status code of 200
2022-04-06 01:13:33,966 - basicLogger - INFO - Storage is running with a status code of 200
2022-04-06 01:13:33,966 - basicLogger - INFO - Processing is running with a status code of 200
2022-04-06 01:13:33,966 - basicLogger - INFO - Audit is running with a status code of 200
2022-04-06 01:13:38,294 - basicLogger - INFO - Start Periodic Health Check
2022-04-06 01:13:39,138 - basicLogger - INFO - Receiver is running with a status code of 200
2022-04-06 01:13:39,138 - basicLogger - INFO - Storage is running with a status code of 200
2022-04-06 01:13:39,139 - basicLogger - INFO - Processing is running with a status code of 200
2022-04-06 01:13:39,139 - basicLogger - INFO - Audit is running with a status code of 200
2022-04-06 01:13:43,294 - basicLogger - INFO - Start Periodic Health Check
2022-04-06 01:13:43,964 - basicLogger - INFO - Receiver is running with a status code of 200
2022-04-06 01:13:43,964 - basicLogger - INFO - Storage is running with a status code of 200
2022-04-06 01:13:43,964 - basicLogger - INFO - Processing is running with a status code of 200
2022-04-06 01:13:43,965 - basicLogger - INFO - Audit is running with a status code of 200
2022-04-06 01:13:48,293 - basicLogger - INFO - Start Periodic Health Check
2022-04-06 01:13:49,133 - basicLogger - INFO - Receiver is running with a status code of 200
2022-04-06 01:13:49,133 - basicLogger - INFO - Storage is running with a status code of 200
2022-04-06 01:13:49,134 - basicLogger - INFO - Processing is running with a status code of 200
2022-04-06 01:13:49,134 - basicLogger - INFO - Audit is running with a status code of 200
2022-04-06 01:13:53,294 - basicLogger - INFO - Start Periodic Health Check
2022-04-06 01:13:53,977 - basicLogger - INFO - Receiver is running with a status code of 200
2022-04-06 01:13:53,977 - basicLogger - INFO - Storage is running with a status code of 200
2022-04-06 01:13:53,977 - basicLogger - INFO - Processing is running with a status code of 200
2022-04-06 01:13:53,978 - basicLogger - INFO - Audit is running with a status code of 200
2022-04-06 01:13:58,295 - basicLogger - INFO - Start Periodic Health Check
2022-04-06 01:13:59,156 - basicLogger - INFO - Receiver is running with a status code of 200
2022-04-06 01:13:59,157 - basicLogger - INFO - Storage is running with a status code of 200
2022-04-06 01:13:59,157 - basicLogger - INFO - Processing is running with a status code of 200
2022-04-06 01:13:59,157 - basicLogger - INFO - Audit is running with a status code of 200
2022-04-06 01:14:03,293 - basicLogger - INFO - Start Periodic Health Check
2022-04-06 01:14:03,966 - basicLogger - INFO - Receiver is running with a status code of 200
2022-04-06 01:14:03,966 - basicLogger - INFO - Storage is running with a status code of 200
2022-04-06 01:14:03,966 - basicLogger - INFO - Processing is running with a status code of 200
2022-04-06 01:14:03,966 - basicLogger - INFO - Audit is running with a status code of 200
2022-04-06 01:14:08,293 - basicLogger - INFO - Start Periodic Health Check
2022-04-06 01:14:09,122 - basicLogger - INFO - Receiver is running with a status code of 200
2022-04-06 01:14:09,122 - basicLogger - INFO - Storage is running with a status code of 200
2022-04-06 01:14:09,123 - basicLogger - INFO - Processing is running with a status code of 200
2022-04-06 01:14:09,123 - basicLogger - INFO - Audit is running with a status code of 200
2022-04-06 01:14:13,293 - basicLogger - INFO - Start Periodic Health Check
2022-04-06 01:14:13,965 - basicLogger - INFO - Receiver is running with a status code of 200
2022-04-06 01:14:13,965 - basicLogger - INFO - Storage is running with a status code of 200
2022-04-06 01:14:13,965 - basicLogger - INFO - Processing is running with a status code of 200
2022-04-06 01:14:13,965 - basicLogger - INFO - Audit is running with a status code of 200
2022-04-06 01:14:18,294 - basicLogger - INFO - Start Periodic Health Check
2022-04-06 01:14:19,111 - basicLogger - INFO - Receiver is running with a status code of 200
2022-04-06 01:14:19,111 - basicLogger - INFO - Storage is running with a status code of 200
2022-04-06 01:14:19,111 - basicLogger - INFO - Processing is running with a status code of 200
2022-04-06 01:14:19,112 - basicLogger - INFO - Audit is running with a status code of 200
2022-04-06 01:14:23,293 - basicLogger - INFO - Start Periodic Health Check
2022-04-06 01:14:23,963 - basicLogger - INFO - Receiver is running with a status code of 200
2022-04-06 01:14:23,963 - basicLogger - INFO - Storage is running with a status code of 200
2022-04-06 01:14:23,963 - basicLogger - INFO - Processing is running with a status code of 200
2022-04-06 01:14:23,963 - basicLogger - INFO - Audit is running with a status code of 200
2022-04-06 01:14:28,294 - basicLogger - INFO - Start Periodic Health Check
2022-04-06 01:14:29,136 - basicLogger - INFO - Receiver is running with a status code of 200
2022-04-06 01:14:29,137 - basicLogger - INFO - Storage is running with a status code of 200
2022-04-06 01:14:29,137 - basicLogger - INFO - Processing is running with a status code of 200
2022-04-06 01:14:29,137 - basicLogger - INFO - Audit is running with a status code of 200
2022-04-06 01:14:33,293 - basicLogger - INFO - Start Periodic Health Check
2022-04-06 01:14:33,961 - basicLogger - INFO - Receiver is running with a status code of 200
2022-04-06 01:14:33,962 - basicLogger - INFO - Storage is running with a status code of 200
2022-04-06 01:14:33,962 - basicLogger - INFO - Processing is running with a status code of 200
2022-04-06 01:14:33,962 - basicLogger - INFO - Audit is running with a status code of 200
2022-04-06 01:14:38,295 - basicLogger - INFO - Start Periodic Health Check
2022-04-06 01:14:39,141 - basicLogger - INFO - Receiver is running with a status code of 200
2022-04-06 01:14:39,141 - basicLogger - INFO - Storage is running with a status code of 200
2022-04-06 01:14:39,141 - basicLogger - INFO - Processing is running with a status code of 200
2022-04-06 01:14:39,141 - basicLogger - INFO - Audit is running with a status code of 200
2022-04-06 01:14:43,294 - basicLogger - INFO - Start Periodic Health Check
2022-04-06 01:14:43,963 - basicLogger - INFO - Receiver is running with a status code of 200
2022-04-06 01:14:43,964 - basicLogger - INFO - Storage is running with a status code of 200
2022-04-06 01:14:43,964 - basicLogger - INFO - Processing is running with a status code of 200
2022-04-06 01:14:43,964 - basicLogger - INFO - Audit is running with a status code of 200
2022-04-06 01:14:48,293 - basicLogger - INFO - Start Periodic Health Check
2022-04-06 01:14:49,125 - basicLogger - INFO - Receiver is running with a status code of 200
2022-04-06 01:14:49,125 - basicLogger - INFO - Storage is running with a status code of 200
2022-04-06 01:14:49,126 - basicLogger - INFO - Processing is running with a status code of 200
2022-04-06 01:14:49,126 - basicLogger - INFO - Audit is running with a status code of 200
2022-04-06 01:14:53,292 - basicLogger - INFO - Start Periodic Health Check
2022-04-06 01:14:53,965 - basicLogger - INFO - Receiver is running with a status code of 200
2022-04-06 01:14:53,966 - basicLogger - INFO - Storage is running with a status code of 200
2022-04-06 01:14:53,966 - basicLogger - INFO - Processing is running with a status code of 200
2022-04-06 01:14:53,966 - basicLogger - INFO - Audit is running with a status code of 200
2022-04-06 01:14:58,294 - basicLogger - INFO - Start Periodic Health Check
2022-04-06 01:14:59,142 - basicLogger - INFO - Receiver is running with a status code of 200
2022-04-06 01:14:59,142 - basicLogger - INFO - Storage is running with a status code of 200
2022-04-06 01:14:59,142 - basicLogger - INFO - Processing is running with a status code of 200
2022-04-06 01:14:59,142 - basicLogger - INFO - Audit is running with a status code of 200
2022-04-06 01:15:03,294 - basicLogger - INFO - Start Periodic Health Check
2022-04-06 01:15:03,964 - basicLogger - INFO - Receiver is running with a status code of 200
2022-04-06 01:15:03,964 - basicLogger - INFO - Storage is running with a status code of 200
2022-04-06 01:15:03,964 - basicLogger - INFO - Processing is running with a status code of 200
2022-04-06 01:15:03,964 - basicLogger - INFO - Audit is running with a status code of 200
2022-04-06 01:15:08,294 - basicLogger - INFO - Start Periodic Health Check
2022-04-06 01:15:09,126 - basicLogger - INFO - Receiver is running with a status code of 200
2022-04-06 01:15:09,127 - basicLogger - INFO - Storage is running with a status code of 200
2022-04-06 01:15:09,128 - basicLogger - INFO - Processing is running with a status code of 200
2022-04-06 01:15:09,128 - basicLogger - INFO - Audit is running with a status code of 200
2022-04-06 01:15:13,294 - basicLogger - INFO - Start Periodic Health Check
2022-04-06 01:15:13,974 - basicLogger - INFO - Receiver is running with a status code of 200
2022-04-06 01:15:13,975 - basicLogger - INFO - Storage is running with a status code of 200
2022-04-06 01:15:13,975 - basicLogger - INFO - Processing is running with a status code of 200
2022-04-06 01:15:13,975 - basicLogger - INFO - Audit is running with a status code of 200
2022-04-06 01:15:18,294 - basicLogger - INFO - Start Periodic Health Check
2022-04-06 01:15:19,129 - basicLogger - INFO - Receiver is running with a status code of 200
2022-04-06 01:15:19,129 - basicLogger - INFO - Storage is running with a status code of 200
2022-04-06 01:15:19,130 - basicLogger - INFO - Processing is running with a status code of 200
2022-04-06 01:15:19,130 - basicLogger - INFO - Audit is running with a status code of 200
2022-04-06 01:15:23,292 - basicLogger - INFO - Start Periodic Health Check
2022-04-06 01:15:23,964 - basicLogger - INFO - Receiver is running with a status code of 200
2022-04-06 01:15:23,964 - basicLogger - INFO - Storage is running with a status code of 200
2022-04-06 01:15:23,964 - basicLogger - INFO - Processing is running with a status code of 200
2022-04-06 01:15:23,964 - basicLogger - INFO - Audit is running with a status code of 200
2022-04-06 01:15:28,294 - basicLogger - INFO - Start Periodic Health Check
2022-04-06 01:15:29,122 - basicLogger - INFO - Receiver is running with a status code of 200
2022-04-06 01:15:29,122 - basicLogger - INFO - Storage is running with a status code of 200
2022-04-06 01:15:29,122 - basicLogger - INFO - Processing is running with a status code of 200
2022-04-06 01:15:29,123 - basicLogger - INFO - Audit is running with a status code of 200
2022-04-06 01:15:33,294 - basicLogger - INFO - Start Periodic Health Check
2022-04-06 01:15:33,954 - basicLogger - INFO - Receiver is running with a status code of 200
2022-04-06 01:15:33,955 - basicLogger - INFO - Storage is running with a status code of 200
2022-04-06 01:15:33,955 - basicLogger - INFO - Processing is running with a status code of 200
2022-04-06 01:15:33,955 - basicLogger - INFO - Audit is running with a status code of 200
2022-04-06 01:15:38,294 - basicLogger - INFO - Start Periodic Health Check
2022-04-06 01:15:39,135 - basicLogger - INFO - Receiver is running with a status code of 200
2022-04-06 01:15:39,136 - basicLogger - INFO - Storage is running with a status code of 200
2022-04-06 01:15:39,136 - basicLogger - INFO - Processing is running with a status code of 200
2022-04-06 01:15:39,136 - basicLogger - INFO - Audit is running with a status code of 200
2022-04-06 01:15:43,293 - basicLogger - INFO - Start Periodic Health Check
2022-04-06 01:15:43,953 - basicLogger - INFO - Receiver is running with a status code of 200
2022-04-06 01:15:43,954 - basicLogger - INFO - Storage is running with a status code of 200
2022-04-06 01:15:43,954 - basicLogger - INFO - Processing is running with a status code of 200
2022-04-06 01:15:43,954 - basicLogger - INFO - Audit is running with a status code of 200
2022-04-06 01:15:48,294 - basicLogger - INFO - Start Periodic Health Check
2022-04-06 01:15:49,136 - basicLogger - INFO - Receiver is running with a status code of 200
2022-04-06 01:15:49,136 - basicLogger - INFO - Storage is running with a status code of 200
2022-04-06 01:15:49,136 - basicLogger - INFO - Processing is running with a status code of 200
2022-04-06 01:15:49,137 - basicLogger - INFO - Audit is running with a status code of 200
2022-04-06 01:15:53,294 - basicLogger - INFO - Start Periodic Health Check
2022-04-06 01:15:53,959 - basicLogger - INFO - Receiver is running with a status code of 200
2022-04-06 01:15:53,959 - basicLogger - INFO - Storage is running with a status code of 200
2022-04-06 01:15:53,959 - basicLogger - INFO - Processing is running with a status code of 200
2022-04-06 01:15:53,960 - basicLogger - INFO - Audit is running with a status code of 200
2022-04-06 01:15:58,294 - basicLogger - INFO - Start Periodic Health Check
2022-04-06 01:15:59,131 - basicLogger - INFO - Receiver is running with a status code of 200
2022-04-06 01:15:59,132 - basicLogger - INFO - Storage is running with a status code of 200
2022-04-06 01:15:59,132 - basicLogger - INFO - Processing is running with a status code of 200
2022-04-06 01:15:59,132 - basicLogger - INFO - Audit is running with a status code of 200
2022-04-06 01:16:03,293 - basicLogger - INFO - Start Periodic Health Check
2022-04-06 01:16:03,984 - basicLogger - INFO - Receiver is running with a status code of 200
2022-04-06 01:16:03,984 - basicLogger - INFO - Storage is running with a status code of 200
2022-04-06 01:16:03,985 - basicLogger - INFO - Processing is running with a status code of 200
2022-04-06 01:16:03,985 - basicLogger - INFO - Audit is running with a status code of 200
2022-04-06 01:16:08,293 - basicLogger - INFO - Start Periodic Health Check
2022-04-06 01:16:09,122 - basicLogger - INFO - Receiver is running with a status code of 200
2022-04-06 01:16:09,122 - basicLogger - INFO - Storage is running with a status code of 200
2022-04-06 01:16:09,122 - basicLogger - INFO - Processing is running with a status code of 200
2022-04-06 01:16:09,123 - basicLogger - INFO - Audit is running with a status code of 200
2022-04-06 01:16:13,299 - basicLogger - INFO - Start Periodic Health Check
2022-04-06 01:16:13,985 - basicLogger - INFO - Receiver is running with a status code of 200
2022-04-06 01:16:13,986 - basicLogger - INFO - Storage is running with a status code of 200
2022-04-06 01:16:13,986 - basicLogger - INFO - Processing is running with a status code of 200
2022-04-06 01:16:13,986 - basicLogger - INFO - Audit is running with a status code of 200
2022-04-06 01:16:18,295 - basicLogger - INFO - Start Periodic Health Check
2022-04-06 01:16:19,157 - basicLogger - INFO - Receiver is running with a status code of 200
2022-04-06 01:16:19,157 - basicLogger - INFO - Storage is running with a status code of 200
2022-04-06 01:16:19,157 - basicLogger - INFO - Processing is running with a status code of 200
2022-04-06 01:16:19,158 - basicLogger - INFO - Audit is running with a status code of 200
2022-04-06 01:16:23,294 - basicLogger - INFO - Start Periodic Health Check
2022-04-06 01:16:23,967 - basicLogger - INFO - Receiver is running with a status code of 200
2022-04-06 01:16:23,967 - basicLogger - INFO - Storage is running with a status code of 200
2022-04-06 01:16:23,968 - basicLogger - INFO - Processing is running with a status code of 200
2022-04-06 01:16:23,968 - basicLogger - INFO - Audit is running with a status code of 200
2022-04-06 01:16:28,293 - basicLogger - INFO - Start Periodic Health Check
2022-04-06 01:16:29,124 - basicLogger - INFO - Receiver is running with a status code of 200
2022-04-06 01:16:29,124 - basicLogger - INFO - Storage is running with a status code of 200
2022-04-06 01:16:29,124 - basicLogger - INFO - Processing is running with a status code of 200
2022-04-06 01:16:29,125 - basicLogger - INFO - Audit is running with a status code of 200
2022-04-06 01:16:33,295 - basicLogger - INFO - Start Periodic Health Check
2022-04-06 01:16:33,972 - basicLogger - INFO - Receiver is running with a status code of 200
2022-04-06 01:16:33,972 - basicLogger - INFO - Storage is running with a status code of 200
2022-04-06 01:16:33,972 - basicLogger - INFO - Processing is running with a status code of 200
2022-04-06 01:16:33,973 - basicLogger - INFO - Audit is running with a status code of 200
2022-04-06 01:16:38,294 - basicLogger - INFO - Start Periodic Health Check
2022-04-06 01:16:39,126 - basicLogger - INFO - Receiver is running with a status code of 200
2022-04-06 01:16:39,126 - basicLogger - INFO - Storage is running with a status code of 200
2022-04-06 01:16:39,126 - basicLogger - INFO - Processing is running with a status code of 200
2022-04-06 01:16:39,126 - basicLogger - INFO - Audit is running with a status code of 200
2022-04-06 01:16:43,294 - basicLogger - INFO - Start Periodic Health Check
2022-04-06 01:16:43,969 - basicLogger - INFO - Receiver is running with a status code of 200
2022-04-06 01:16:43,969 - basicLogger - INFO - Storage is running with a status code of 200
2022-04-06 01:16:43,970 - basicLogger - INFO - Processing is running with a status code of 200
2022-04-06 01:16:43,970 - basicLogger - INFO - Audit is running with a status code of 200
2022-04-06 01:16:48,293 - basicLogger - INFO - Start Periodic Health Check
2022-04-06 01:16:49,133 - basicLogger - INFO - Receiver is running with a status code of 200
2022-04-06 01:16:49,134 - basicLogger - INFO - Storage is running with a status code of 200
2022-04-06 01:16:49,134 - basicLogger - INFO - Processing is running with a status code of 200
2022-04-06 01:16:49,134 - basicLogger - INFO - Audit is running with a status code of 200
2022-04-07 13:28:14,197 - basicLogger - INFO - Start Periodic Health Check
2022-04-07 13:28:19,199 - basicLogger - INFO - Start Periodic Health Check
2022-04-07 13:28:24,199 - basicLogger - INFO - Start Periodic Health Check
2022-04-07 13:28:29,198 - basicLogger - INFO - Start Periodic Health Check
2022-04-07 13:28:34,200 - basicLogger - INFO - Start Periodic Health Check
2022-04-07 13:28:39,198 - basicLogger - INFO - Start Periodic Health Check
2022-04-07 13:28:44,197 - basicLogger - INFO - Start Periodic Health Check
2022-04-07 13:28:49,198 - basicLogger - INFO - Start Periodic Health Check
2022-04-07 13:28:54,198 - basicLogger - INFO - Start Periodic Health Check
2022-04-07 13:28:59,198 - basicLogger - INFO - Start Periodic Health Check
2022-04-07 13:29:04,198 - basicLogger - INFO - Start Periodic Health Check
2022-04-07 13:29:09,198 - basicLogger - INFO - Start Periodic Health Check
2022-04-07 13:29:14,198 - basicLogger - INFO - Start Periodic Health Check
2022-04-07 13:29:19,199 - basicLogger - INFO - Start Periodic Health Check
2022-04-07 13:29:24,199 - basicLogger - INFO - Start Periodic Health Check
