2022-04-05 23:59:30,727 - basicLogger - INFO - Start Periodic Health Check
2022-04-05 23:59:40,726 - basicLogger - INFO - Start Periodic Health Check
2022-04-06 01:01:30,690 - basicLogger - INFO - Start Periodic Health Check
2022-04-06 01:01:34,415 - basicLogger - INFO - Receiver is running with a status code of 200
2022-04-06 01:01:34,416 - basicLogger - INFO - Storage is running with a status code of 200
2022-04-06 01:01:34,416 - basicLogger - INFO - Processing is running with a status code of 200
2022-04-06 01:01:34,416 - basicLogger - INFO - Audit is running with a status code of 200
2022-04-06 01:01:35,690 - basicLogger - INFO - Start Periodic Health Check
2022-04-06 01:01:36,355 - basicLogger - INFO - Receiver is running with a status code of 200
2022-04-06 01:01:36,355 - basicLogger - INFO - Storage is running with a status code of 200
2022-04-06 01:01:36,355 - basicLogger - INFO - Processing is running with a status code of 200
2022-04-06 01:01:36,356 - basicLogger - INFO - Audit is running with a status code of 200
2022-04-06 01:01:40,690 - basicLogger - INFO - Start Periodic Health Check
2022-04-06 01:01:41,532 - basicLogger - INFO - Receiver is running with a status code of 200
2022-04-06 01:01:41,533 - basicLogger - INFO - Storage is running with a status code of 200
2022-04-06 01:01:41,533 - basicLogger - INFO - Processing is running with a status code of 200
2022-04-06 01:01:41,533 - basicLogger - INFO - Audit is running with a status code of 200
2022-04-06 01:01:45,689 - basicLogger - INFO - Start Periodic Health Check
2022-04-06 01:01:46,357 - basicLogger - INFO - Receiver is running with a status code of 200
2022-04-06 01:01:46,357 - basicLogger - INFO - Storage is running with a status code of 200
2022-04-06 01:01:46,357 - basicLogger - INFO - Processing is running with a status code of 200
2022-04-06 01:01:46,357 - basicLogger - INFO - Audit is running with a status code of 200
2022-04-06 01:01:50,689 - basicLogger - INFO - Start Periodic Health Check
2022-04-06 01:01:51,499 - basicLogger - INFO - Receiver is running with a status code of 200
2022-04-06 01:01:51,499 - basicLogger - INFO - Storage is running with a status code of 200
2022-04-06 01:01:51,499 - basicLogger - INFO - Processing is running with a status code of 200
2022-04-06 01:01:51,499 - basicLogger - INFO - Audit is running with a status code of 200
2022-04-06 01:01:55,690 - basicLogger - INFO - Start Periodic Health Check
2022-04-06 01:01:56,360 - basicLogger - INFO - Receiver is running with a status code of 200
2022-04-06 01:01:56,360 - basicLogger - INFO - Storage is running with a status code of 200
2022-04-06 01:01:56,360 - basicLogger - INFO - Processing is running with a status code of 200
2022-04-06 01:01:56,361 - basicLogger - INFO - Audit is running with a status code of 200
2022-04-06 01:02:00,689 - basicLogger - INFO - Start Periodic Health Check
2022-04-06 01:02:01,529 - basicLogger - INFO - Receiver is running with a status code of 200
2022-04-06 01:02:01,529 - basicLogger - INFO - Storage is running with a status code of 200
2022-04-06 01:02:01,529 - basicLogger - INFO - Processing is running with a status code of 200
2022-04-06 01:02:01,529 - basicLogger - INFO - Audit is running with a status code of 200
2022-04-06 01:02:05,690 - basicLogger - INFO - Start Periodic Health Check
2022-04-06 01:02:06,354 - basicLogger - INFO - Receiver is running with a status code of 200
2022-04-06 01:02:06,355 - basicLogger - INFO - Storage is running with a status code of 200
2022-04-06 01:02:06,355 - basicLogger - INFO - Processing is running with a status code of 200
2022-04-06 01:02:06,355 - basicLogger - INFO - Audit is running with a status code of 200
2022-04-06 01:02:10,689 - basicLogger - INFO - Start Periodic Health Check
2022-04-06 01:02:11,509 - basicLogger - INFO - Receiver is running with a status code of 200
2022-04-06 01:02:11,510 - basicLogger - INFO - Storage is running with a status code of 200
2022-04-06 01:02:11,510 - basicLogger - INFO - Processing is running with a status code of 200
2022-04-06 01:02:11,510 - basicLogger - INFO - Audit is running with a status code of 200
2022-04-06 01:02:15,689 - basicLogger - INFO - Start Periodic Health Check
2022-04-06 01:02:16,368 - basicLogger - INFO - Receiver is running with a status code of 200
2022-04-06 01:02:16,368 - basicLogger - INFO - Storage is running with a status code of 200
2022-04-06 01:02:16,368 - basicLogger - INFO - Processing is running with a status code of 200
2022-04-06 01:02:16,368 - basicLogger - INFO - Audit is running with a status code of 200
2022-04-06 01:02:20,689 - basicLogger - INFO - Start Periodic Health Check
2022-04-06 01:02:21,526 - basicLogger - INFO - Receiver is running with a status code of 200
2022-04-06 01:02:21,527 - basicLogger - INFO - Storage is running with a status code of 200
2022-04-06 01:02:21,527 - basicLogger - INFO - Processing is running with a status code of 200
2022-04-06 01:02:21,527 - basicLogger - INFO - Audit is running with a status code of 200
2022-04-06 01:02:25,689 - basicLogger - INFO - Start Periodic Health Check
2022-04-06 01:02:26,344 - basicLogger - INFO - Receiver is running with a status code of 200
2022-04-06 01:02:26,345 - basicLogger - INFO - Storage is running with a status code of 200
2022-04-06 01:02:26,345 - basicLogger - INFO - Processing is running with a status code of 200
2022-04-06 01:02:26,345 - basicLogger - INFO - Audit is running with a status code of 200
2022-04-06 01:02:30,690 - basicLogger - INFO - Start Periodic Health Check
2022-04-06 01:02:31,539 - basicLogger - INFO - Receiver is running with a status code of 200
2022-04-06 01:02:31,539 - basicLogger - INFO - Storage is running with a status code of 200
2022-04-06 01:02:31,539 - basicLogger - INFO - Processing is running with a status code of 200
2022-04-06 01:02:31,539 - basicLogger - INFO - Audit is running with a status code of 200
2022-04-06 01:02:35,689 - basicLogger - INFO - Start Periodic Health Check
2022-04-06 01:02:36,356 - basicLogger - INFO - Receiver is running with a status code of 200
2022-04-06 01:02:36,357 - basicLogger - INFO - Storage is running with a status code of 200
2022-04-06 01:02:36,357 - basicLogger - INFO - Processing is running with a status code of 200
2022-04-06 01:02:36,357 - basicLogger - INFO - Audit is running with a status code of 200
2022-04-06 01:02:40,689 - basicLogger - INFO - Start Periodic Health Check
2022-04-06 01:02:41,549 - basicLogger - INFO - Receiver is running with a status code of 200
2022-04-06 01:02:41,550 - basicLogger - INFO - Storage is running with a status code of 200
2022-04-06 01:02:41,550 - basicLogger - INFO - Processing is running with a status code of 200
2022-04-06 01:02:41,550 - basicLogger - INFO - Audit is running with a status code of 200
2022-04-06 01:02:45,690 - basicLogger - INFO - Start Periodic Health Check
2022-04-06 01:02:46,341 - basicLogger - INFO - Receiver is running with a status code of 200
2022-04-06 01:02:46,341 - basicLogger - INFO - Storage is running with a status code of 200
2022-04-06 01:02:46,341 - basicLogger - INFO - Processing is running with a status code of 200
2022-04-06 01:02:46,341 - basicLogger - INFO - Audit is running with a status code of 200
2022-04-06 01:02:50,689 - basicLogger - INFO - Start Periodic Health Check
2022-04-06 01:02:51,533 - basicLogger - INFO - Receiver is running with a status code of 200
2022-04-06 01:02:51,534 - basicLogger - INFO - Storage is running with a status code of 200
2022-04-06 01:02:51,534 - basicLogger - INFO - Processing is running with a status code of 200
2022-04-06 01:02:51,534 - basicLogger - INFO - Audit is running with a status code of 200
2022-04-06 01:02:55,688 - basicLogger - INFO - Start Periodic Health Check
2022-04-06 01:02:56,354 - basicLogger - INFO - Receiver is running with a status code of 200
2022-04-06 01:02:56,354 - basicLogger - INFO - Storage is running with a status code of 200
2022-04-06 01:02:56,354 - basicLogger - INFO - Processing is running with a status code of 200
2022-04-06 01:02:56,354 - basicLogger - INFO - Audit is running with a status code of 200
2022-04-06 01:03:00,689 - basicLogger - INFO - Start Periodic Health Check
2022-04-06 01:03:01,522 - basicLogger - INFO - Receiver is running with a status code of 200
2022-04-06 01:03:01,522 - basicLogger - INFO - Storage is running with a status code of 200
2022-04-06 01:03:01,523 - basicLogger - INFO - Processing is running with a status code of 200
2022-04-06 01:03:01,523 - basicLogger - INFO - Audit is running with a status code of 200
2022-04-06 01:03:05,690 - basicLogger - INFO - Start Periodic Health Check
2022-04-06 01:03:06,357 - basicLogger - INFO - Receiver is running with a status code of 200
2022-04-06 01:03:06,357 - basicLogger - INFO - Storage is running with a status code of 200
2022-04-06 01:03:06,358 - basicLogger - INFO - Processing is running with a status code of 200
2022-04-06 01:03:06,358 - basicLogger - INFO - Audit is running with a status code of 200
2022-04-06 01:03:10,691 - basicLogger - INFO - Start Periodic Health Check
2022-04-06 01:03:11,564 - basicLogger - INFO - Receiver is running with a status code of 200
2022-04-06 01:03:11,565 - basicLogger - INFO - Storage is running with a status code of 200
2022-04-06 01:03:11,565 - basicLogger - INFO - Processing is running with a status code of 200
2022-04-06 01:03:11,565 - basicLogger - INFO - Audit is running with a status code of 200
2022-04-06 01:03:15,689 - basicLogger - INFO - Start Periodic Health Check
2022-04-06 01:03:16,348 - basicLogger - INFO - Receiver is running with a status code of 200
2022-04-06 01:03:16,348 - basicLogger - INFO - Storage is running with a status code of 200
2022-04-06 01:03:16,348 - basicLogger - INFO - Processing is running with a status code of 200
2022-04-06 01:03:16,348 - basicLogger - INFO - Audit is running with a status code of 200
2022-04-06 01:03:20,689 - basicLogger - INFO - Start Periodic Health Check
2022-04-06 01:03:21,521 - basicLogger - INFO - Receiver is running with a status code of 200
2022-04-06 01:03:21,521 - basicLogger - INFO - Storage is running with a status code of 200
2022-04-06 01:03:21,521 - basicLogger - INFO - Processing is running with a status code of 200
2022-04-06 01:03:21,522 - basicLogger - INFO - Audit is running with a status code of 200
2022-04-06 01:03:25,689 - basicLogger - INFO - Start Periodic Health Check
2022-04-06 01:03:26,353 - basicLogger - INFO - Receiver is running with a status code of 200
2022-04-06 01:03:26,353 - basicLogger - INFO - Storage is running with a status code of 200
2022-04-06 01:03:26,353 - basicLogger - INFO - Processing is running with a status code of 200
2022-04-06 01:03:26,354 - basicLogger - INFO - Audit is running with a status code of 200
2022-04-06 01:03:30,688 - basicLogger - INFO - Start Periodic Health Check
2022-04-06 01:03:31,508 - basicLogger - INFO - Receiver is running with a status code of 200
2022-04-06 01:03:31,508 - basicLogger - INFO - Storage is running with a status code of 200
2022-04-06 01:03:31,509 - basicLogger - INFO - Processing is running with a status code of 200
2022-04-06 01:03:31,509 - basicLogger - INFO - Audit is running with a status code of 200
2022-04-06 01:03:35,689 - basicLogger - INFO - Start Periodic Health Check
2022-04-06 01:03:36,358 - basicLogger - INFO - Receiver is running with a status code of 200
2022-04-06 01:03:36,358 - basicLogger - INFO - Storage is running with a status code of 200
2022-04-06 01:03:36,358 - basicLogger - INFO - Processing is running with a status code of 200
2022-04-06 01:03:36,358 - basicLogger - INFO - Audit is running with a status code of 200
2022-04-06 01:03:40,689 - basicLogger - INFO - Start Periodic Health Check
2022-04-06 01:03:41,533 - basicLogger - INFO - Receiver is running with a status code of 200
2022-04-06 01:03:41,533 - basicLogger - INFO - Storage is running with a status code of 200
2022-04-06 01:03:41,534 - basicLogger - INFO - Processing is running with a status code of 200
2022-04-06 01:03:41,534 - basicLogger - INFO - Audit is running with a status code of 200
2022-04-06 01:03:45,688 - basicLogger - INFO - Start Periodic Health Check
2022-04-06 01:03:46,334 - basicLogger - INFO - Receiver is running with a status code of 200
2022-04-06 01:03:46,334 - basicLogger - INFO - Storage is running with a status code of 200
2022-04-06 01:03:46,334 - basicLogger - INFO - Processing is running with a status code of 200
2022-04-06 01:03:46,334 - basicLogger - INFO - Audit is running with a status code of 200
2022-04-06 01:03:50,689 - basicLogger - INFO - Start Periodic Health Check
2022-04-06 01:03:51,519 - basicLogger - INFO - Receiver is running with a status code of 200
2022-04-06 01:03:51,519 - basicLogger - INFO - Storage is running with a status code of 200
2022-04-06 01:03:51,519 - basicLogger - INFO - Processing is running with a status code of 200
2022-04-06 01:03:51,519 - basicLogger - INFO - Audit is running with a status code of 200
2022-04-06 01:03:55,690 - basicLogger - INFO - Start Periodic Health Check
2022-04-06 01:03:56,361 - basicLogger - INFO - Receiver is running with a status code of 200
2022-04-06 01:03:56,361 - basicLogger - INFO - Storage is running with a status code of 200
2022-04-06 01:03:56,361 - basicLogger - INFO - Processing is running with a status code of 200
2022-04-06 01:03:56,361 - basicLogger - INFO - Audit is running with a status code of 200
2022-04-06 01:04:00,689 - basicLogger - INFO - Start Periodic Health Check
2022-04-06 01:04:01,511 - basicLogger - INFO - Receiver is running with a status code of 200
2022-04-06 01:04:01,512 - basicLogger - INFO - Storage is running with a status code of 200
2022-04-06 01:04:01,512 - basicLogger - INFO - Processing is running with a status code of 200
2022-04-06 01:04:01,512 - basicLogger - INFO - Audit is running with a status code of 200
2022-04-06 01:04:05,689 - basicLogger - INFO - Start Periodic Health Check
2022-04-06 01:04:06,347 - basicLogger - INFO - Receiver is running with a status code of 200
2022-04-06 01:04:06,348 - basicLogger - INFO - Storage is running with a status code of 200
2022-04-06 01:04:06,348 - basicLogger - INFO - Processing is running with a status code of 200
2022-04-06 01:04:06,348 - basicLogger - INFO - Audit is running with a status code of 200
2022-04-06 01:04:10,689 - basicLogger - INFO - Start Periodic Health Check
2022-04-06 01:04:11,523 - basicLogger - INFO - Receiver is running with a status code of 200
2022-04-06 01:04:11,523 - basicLogger - INFO - Storage is running with a status code of 200
2022-04-06 01:04:11,523 - basicLogger - INFO - Processing is running with a status code of 200
2022-04-06 01:04:11,524 - basicLogger - INFO - Audit is running with a status code of 200
2022-04-06 01:04:15,688 - basicLogger - INFO - Start Periodic Health Check
2022-04-06 01:04:16,345 - basicLogger - INFO - Receiver is running with a status code of 200
2022-04-06 01:04:16,346 - basicLogger - INFO - Storage is running with a status code of 200
2022-04-06 01:04:16,346 - basicLogger - INFO - Processing is running with a status code of 200
2022-04-06 01:04:16,347 - basicLogger - INFO - Audit is running with a status code of 200
2022-04-06 01:04:20,688 - basicLogger - INFO - Start Periodic Health Check
2022-04-06 01:04:21,529 - basicLogger - INFO - Receiver is running with a status code of 200
2022-04-06 01:04:21,530 - basicLogger - INFO - Storage is running with a status code of 200
2022-04-06 01:04:21,530 - basicLogger - INFO - Processing is running with a status code of 200
2022-04-06 01:04:21,530 - basicLogger - INFO - Audit is running with a status code of 200
2022-04-06 01:04:25,689 - basicLogger - INFO - Start Periodic Health Check
2022-04-06 01:04:26,350 - basicLogger - INFO - Receiver is running with a status code of 200
2022-04-06 01:04:26,350 - basicLogger - INFO - Storage is running with a status code of 200
2022-04-06 01:04:26,350 - basicLogger - INFO - Processing is running with a status code of 200
2022-04-06 01:04:26,351 - basicLogger - INFO - Audit is running with a status code of 200
2022-04-06 01:04:30,689 - basicLogger - INFO - Start Periodic Health Check
2022-04-06 01:04:31,508 - basicLogger - INFO - Receiver is running with a status code of 200
2022-04-06 01:04:31,508 - basicLogger - INFO - Storage is running with a status code of 200
2022-04-06 01:04:31,509 - basicLogger - INFO - Processing is running with a status code of 200
2022-04-06 01:04:31,509 - basicLogger - INFO - Audit is running with a status code of 200
2022-04-06 01:04:35,689 - basicLogger - INFO - Start Periodic Health Check
2022-04-06 01:04:36,352 - basicLogger - INFO - Receiver is running with a status code of 200
2022-04-06 01:04:36,353 - basicLogger - INFO - Storage is running with a status code of 200
2022-04-06 01:04:36,353 - basicLogger - INFO - Processing is running with a status code of 200
2022-04-06 01:04:36,353 - basicLogger - INFO - Audit is running with a status code of 200
2022-04-06 01:04:40,690 - basicLogger - INFO - Start Periodic Health Check
2022-04-06 01:04:41,516 - basicLogger - INFO - Receiver is running with a status code of 200
2022-04-06 01:04:41,516 - basicLogger - INFO - Storage is running with a status code of 200
2022-04-06 01:04:41,516 - basicLogger - INFO - Processing is running with a status code of 200
2022-04-06 01:04:41,516 - basicLogger - INFO - Audit is running with a status code of 200
2022-04-06 01:04:45,690 - basicLogger - INFO - Start Periodic Health Check
2022-04-06 01:04:46,362 - basicLogger - INFO - Receiver is running with a status code of 200
2022-04-06 01:04:46,362 - basicLogger - INFO - Storage is running with a status code of 200
2022-04-06 01:04:46,363 - basicLogger - INFO - Processing is running with a status code of 200
2022-04-06 01:04:46,363 - basicLogger - INFO - Audit is running with a status code of 200
2022-04-06 01:04:50,689 - basicLogger - INFO - Start Periodic Health Check
2022-04-06 01:04:51,514 - basicLogger - INFO - Receiver is running with a status code of 200
2022-04-06 01:04:51,514 - basicLogger - INFO - Storage is running with a status code of 200
2022-04-06 01:04:51,514 - basicLogger - INFO - Processing is running with a status code of 200
2022-04-06 01:04:51,515 - basicLogger - INFO - Audit is running with a status code of 200
